[4.775s] DEBUG:colcon:Command line arguments: ['/usr/bin/colcon', 'build']
[4.776s] DEBUG:colcon:Parsed command line arguments: Namespace(log_base=None, log_level=None, verb_name='build', build_base='build', install_base='install', merge_install=False, symlink_install=False, test_result_base=None, continue_on_error=False, executor='parallel', parallel_workers=4, event_handlers=None, ignore_user_meta=False, metas=['./colcon.meta'], base_paths=['.'], packages_ignore=None, packages_ignore_regex=None, paths=None, packages_up_to=None, packages_up_to_regex=None, packages_above=None, packages_above_and_dependencies=None, packages_above_depth=None, packages_select_by_dep=None, packages_skip_by_dep=None, packages_skip_up_to=None, packages_select_build_failed=False, packages_skip_build_finished=False, packages_select_test_failures=False, packages_skip_test_passed=False, packages_select=None, packages_skip=None, packages_select_regex=None, packages_skip_regex=None, packages_start=None, packages_end=None, allow_overriding=[], cmake_args=None, cmake_target=None, cmake_target_skip_unavailable=False, cmake_clean_cache=False, cmake_clean_first=False, cmake_force_configure=False, ament_cmake_args=None, catkin_cmake_args=None, catkin_skip_building_tests=False, verb_parser=<colcon_defaults.argument_parser.defaults.DefaultArgumentsDecorator object at 0xffffbd0497b0>, verb_extension=<colcon_core.verb.build.BuildVerb object at 0xffffbcf735e0>, main=<bound method BuildVerb.main of <colcon_core.verb.build.BuildVerb object at 0xffffbcf735e0>>)
[5.159s] Level 1:colcon.colcon_core.package_discovery:discover_packages(colcon_meta) check parameters
[5.160s] Level 1:colcon.colcon_core.package_discovery:discover_packages(recursive) check parameters
[5.160s] Level 1:colcon.colcon_core.package_discovery:discover_packages(ignore) check parameters
[5.160s] Level 1:colcon.colcon_core.package_discovery:discover_packages(path) check parameters
[5.160s] Level 1:colcon.colcon_core.package_discovery:discover_packages(colcon_meta) discover
[5.161s] Level 1:colcon.colcon_core.package_discovery:discover_packages(recursive) discover
[5.162s] INFO:colcon.colcon_core.package_discovery:Crawling recursively for packages in '/home/jd/Workspaces/stewart_ws/src/robot'
[5.162s] Level 1:colcon.colcon_core.package_identification:_identify(.) by extensions ['ignore', 'ignore_ament_install']
[5.163s] Level 1:colcon.colcon_core.package_identification:_identify(.) by extension 'ignore'
[5.164s] Level 1:colcon.colcon_core.package_identification:_identify(.) by extension 'ignore_ament_install'
[5.165s] Level 1:colcon.colcon_core.package_identification:_identify(.) by extensions ['colcon_pkg']
[5.165s] Level 1:colcon.colcon_core.package_identification:_identify(.) by extension 'colcon_pkg'
[5.166s] Level 1:colcon.colcon_core.package_identification:_identify(.) by extensions ['colcon_meta']
[5.166s] Level 1:colcon.colcon_core.package_identification:_identify(.) by extension 'colcon_meta'
[5.167s] Level 1:colcon.colcon_core.package_identification:_identify(.) by extensions ['ros']
[5.167s] Level 1:colcon.colcon_core.package_identification:_identify(.) by extension 'ros'
[5.324s] DEBUG:colcon.colcon_core.package_identification:Package '.' with type 'ros.ament_cmake' and name 'robot'
[5.325s] Level 1:colcon.colcon_core.package_discovery:discover_packages(recursive) using defaults
[5.326s] Level 1:colcon.colcon_core.package_discovery:discover_packages(ignore) discover
[5.327s] Level 1:colcon.colcon_core.package_discovery:discover_packages(ignore) using defaults
[5.327s] Level 1:colcon.colcon_core.package_discovery:discover_packages(path) discover
[5.327s] Level 1:colcon.colcon_core.package_discovery:discover_packages(path) using defaults
[5.540s] Level 1:colcon.colcon_core.package_discovery:discover_packages(prefix_path) check parameters
[5.542s] Level 1:colcon.colcon_core.package_discovery:discover_packages(prefix_path) discover
[5.573s] DEBUG:colcon.colcon_installed_package_information.package_discovery:Found 1 installed packages in /home/jd/Workspaces/stewart_ws/src/robot/install
[5.579s] DEBUG:colcon.colcon_installed_package_information.package_discovery:Found 2 installed packages in /home/jd/Workspaces/stewart_ws/src/install
[5.594s] DEBUG:colcon.colcon_installed_package_information.package_discovery:Found 275 installed packages in /opt/ros/humble
[5.604s] Level 1:colcon.colcon_core.package_discovery:discover_packages(prefix_path) using defaults
[6.424s] Level 5:colcon.colcon_core.verb:set package 'robot' build argument 'cmake_args' from command line to 'None'
[6.425s] Level 5:colcon.colcon_core.verb:set package 'robot' build argument 'cmake_target' from command line to 'None'
[6.426s] Level 5:colcon.colcon_core.verb:set package 'robot' build argument 'cmake_target_skip_unavailable' from command line to 'False'
[6.426s] Level 5:colcon.colcon_core.verb:set package 'robot' build argument 'cmake_clean_cache' from command line to 'False'
[6.427s] Level 5:colcon.colcon_core.verb:set package 'robot' build argument 'cmake_clean_first' from command line to 'False'
[6.427s] Level 5:colcon.colcon_core.verb:set package 'robot' build argument 'cmake_force_configure' from command line to 'False'
[6.428s] Level 5:colcon.colcon_core.verb:set package 'robot' build argument 'ament_cmake_args' from command line to 'None'
[6.429s] Level 5:colcon.colcon_core.verb:set package 'robot' build argument 'catkin_cmake_args' from command line to 'None'
[6.429s] Level 5:colcon.colcon_core.verb:set package 'robot' build argument 'catkin_skip_building_tests' from command line to 'False'
[6.430s] DEBUG:colcon.colcon_core.verb:Building package 'robot' with the following arguments: {'ament_cmake_args': None, 'build_base': '/home/jd/Workspaces/stewart_ws/src/robot/build/robot', 'catkin_cmake_args': None, 'catkin_skip_building_tests': False, 'cmake_args': None, 'cmake_clean_cache': False, 'cmake_clean_first': False, 'cmake_force_configure': False, 'cmake_target': None, 'cmake_target_skip_unavailable': False, 'install_base': '/home/jd/Workspaces/stewart_ws/src/robot/install/robot', 'merge_install': False, 'path': '/home/jd/Workspaces/stewart_ws/src/robot', 'symlink_install': False, 'test_result_base': None}
[6.437s] INFO:colcon.colcon_core.executor:Executing jobs using 'parallel' executor
[6.482s] DEBUG:colcon.colcon_parallel_executor.executor.parallel:run_until_complete
[6.485s] INFO:colcon.colcon_ros.task.ament_cmake.build:Building ROS package in '/home/jd/Workspaces/stewart_ws/src/robot' with build type 'ament_cmake'
[6.491s] INFO:colcon.colcon_cmake.task.cmake.build:Building CMake package in '/home/jd/Workspaces/stewart_ws/src/robot'
[6.573s] INFO:colcon.colcon_core.plugin_system:Skipping extension 'colcon_core.shell.bat': Not used on non-Windows systems
[6.575s] INFO:colcon.colcon_core.shell:Skip shell extension 'powershell' for command environment: Not usable outside of PowerShell
[6.577s] DEBUG:colcon.colcon_core.shell:Skip shell extension 'dsv' for command environment
[6.762s] DEBUG:colcon.colcon_core.event_handler.log_command:Invoking command in '/home/jd/Workspaces/stewart_ws/src/robot/build/robot': CMAKE_PREFIX_PATH=${CMAKE_PREFIX_PATH}:/opt/ros/humble /usr/bin/cmake --build /home/jd/Workspaces/stewart_ws/src/robot/build/robot -- -j4 -l4
[7.267s] DEBUG:colcon.colcon_core.event_handler.log_command:Invoked command in '/home/jd/Workspaces/stewart_ws/src/robot/build/robot' returned '0': CMAKE_PREFIX_PATH=${CMAKE_PREFIX_PATH}:/opt/ros/humble /usr/bin/cmake --build /home/jd/Workspaces/stewart_ws/src/robot/build/robot -- -j4 -l4
[7.592s] DEBUG:colcon.colcon_core.event_handler.log_command:Invoking command in '/home/jd/Workspaces/stewart_ws/src/robot/build/robot': CMAKE_PREFIX_PATH=${CMAKE_PREFIX_PATH}:/opt/ros/humble /usr/bin/cmake --install /home/jd/Workspaces/stewart_ws/src/robot/build/robot
[7.754s] Level 1:colcon.colcon_core.environment:create_environment_scripts_only(robot)
[7.817s] DEBUG:colcon.colcon_core.event_handler.log_command:Invoked command in '/home/jd/Workspaces/stewart_ws/src/robot/build/robot' returned '0': CMAKE_PREFIX_PATH=${CMAKE_PREFIX_PATH}:/opt/ros/humble /usr/bin/cmake --install /home/jd/Workspaces/stewart_ws/src/robot/build/robot
[7.856s] Level 1:colcon.colcon_core.environment:checking '/home/jd/Workspaces/stewart_ws/src/robot/install/robot' for CMake module files
[7.864s] Level 1:colcon.colcon_core.environment:checking '/home/jd/Workspaces/stewart_ws/src/robot/install/robot' for CMake config files
[7.868s] Level 1:colcon.colcon_core.shell:create_environment_hook('robot', 'cmake_prefix_path')
[7.881s] INFO:colcon.colcon_core.shell:Creating environment hook '/home/jd/Workspaces/stewart_ws/src/robot/install/robot/share/robot/hook/cmake_prefix_path.ps1'
[7.887s] INFO:colcon.colcon_core.shell:Creating environment descriptor '/home/jd/Workspaces/stewart_ws/src/robot/install/robot/share/robot/hook/cmake_prefix_path.dsv'
[7.897s] INFO:colcon.colcon_core.shell:Creating environment hook '/home/jd/Workspaces/stewart_ws/src/robot/install/robot/share/robot/hook/cmake_prefix_path.sh'
[7.911s] Level 1:colcon.colcon_core.environment:checking '/home/jd/Workspaces/stewart_ws/src/robot/install/robot/lib'
[7.914s] Level 1:colcon.colcon_core.environment:checking '/home/jd/Workspaces/stewart_ws/src/robot/install/robot/bin'
[7.916s] Level 1:colcon.colcon_core.environment:checking '/home/jd/Workspaces/stewart_ws/src/robot/install/robot/lib/pkgconfig/robot.pc'
[7.920s] Level 1:colcon.colcon_core.environment:checking '/home/jd/Workspaces/stewart_ws/src/robot/install/robot/lib/python3.10/site-packages'
[7.924s] Level 1:colcon.colcon_core.environment:checking '/home/jd/Workspaces/stewart_ws/src/robot/install/robot/bin'
[7.941s] INFO:colcon.colcon_core.shell:Creating package script '/home/jd/Workspaces/stewart_ws/src/robot/install/robot/share/robot/package.ps1'
[7.954s] INFO:colcon.colcon_core.shell:Creating package descriptor '/home/jd/Workspaces/stewart_ws/src/robot/install/robot/share/robot/package.dsv'
[7.961s] INFO:colcon.colcon_core.shell:Creating package script '/home/jd/Workspaces/stewart_ws/src/robot/install/robot/share/robot/package.sh'
[7.972s] INFO:colcon.colcon_core.shell:Creating package script '/home/jd/Workspaces/stewart_ws/src/robot/install/robot/share/robot/package.bash'
[7.985s] INFO:colcon.colcon_core.shell:Creating package script '/home/jd/Workspaces/stewart_ws/src/robot/install/robot/share/robot/package.zsh'
[7.995s] Level 1:colcon.colcon_core.environment:create_file_with_runtime_dependencies(/home/jd/Workspaces/stewart_ws/src/robot/install/robot/share/colcon-core/packages/robot)
[8.312s] Level 1:colcon.colcon_core.environment:create_environment_scripts_only(robot)
[8.326s] Level 1:colcon.colcon_core.environment:checking '/home/jd/Workspaces/stewart_ws/src/robot/install/robot' for CMake module files
[8.331s] Level 1:colcon.colcon_core.environment:checking '/home/jd/Workspaces/stewart_ws/src/robot/install/robot' for CMake config files
[8.334s] Level 1:colcon.colcon_core.shell:create_environment_hook('robot', 'cmake_prefix_path')
[8.352s] INFO:colcon.colcon_core.shell:Creating environment hook '/home/jd/Workspaces/stewart_ws/src/robot/install/robot/share/robot/hook/cmake_prefix_path.ps1'
[8.362s] INFO:colcon.colcon_core.shell:Creating environment descriptor '/home/jd/Workspaces/stewart_ws/src/robot/install/robot/share/robot/hook/cmake_prefix_path.dsv'
[8.371s] INFO:colcon.colcon_core.shell:Creating environment hook '/home/jd/Workspaces/stewart_ws/src/robot/install/robot/share/robot/hook/cmake_prefix_path.sh'
[8.382s] Level 1:colcon.colcon_core.environment:checking '/home/jd/Workspaces/stewart_ws/src/robot/install/robot/lib'
[8.385s] Level 1:colcon.colcon_core.environment:checking '/home/jd/Workspaces/stewart_ws/src/robot/install/robot/bin'
[8.386s] Level 1:colcon.colcon_core.environment:checking '/home/jd/Workspaces/stewart_ws/src/robot/install/robot/lib/pkgconfig/robot.pc'
[8.390s] Level 1:colcon.colcon_core.environment:checking '/home/jd/Workspaces/stewart_ws/src/robot/install/robot/lib/python3.10/site-packages'
[8.393s] Level 1:colcon.colcon_core.environment:checking '/home/jd/Workspaces/stewart_ws/src/robot/install/robot/bin'
[8.415s] INFO:colcon.colcon_core.shell:Creating package script '/home/jd/Workspaces/stewart_ws/src/robot/install/robot/share/robot/package.ps1'
[8.423s] INFO:colcon.colcon_core.shell:Creating package descriptor '/home/jd/Workspaces/stewart_ws/src/robot/install/robot/share/robot/package.dsv'
[8.430s] INFO:colcon.colcon_core.shell:Creating package script '/home/jd/Workspaces/stewart_ws/src/robot/install/robot/share/robot/package.sh'
[8.437s] INFO:colcon.colcon_core.shell:Creating package script '/home/jd/Workspaces/stewart_ws/src/robot/install/robot/share/robot/package.bash'
[8.444s] INFO:colcon.colcon_core.shell:Creating package script '/home/jd/Workspaces/stewart_ws/src/robot/install/robot/share/robot/package.zsh'
[8.451s] Level 1:colcon.colcon_core.environment:create_file_with_runtime_dependencies(/home/jd/Workspaces/stewart_ws/src/robot/install/robot/share/colcon-core/packages/robot)
[8.463s] DEBUG:colcon.colcon_parallel_executor.executor.parallel:closing loop
[8.467s] DEBUG:colcon.colcon_parallel_executor.executor.parallel:loop closed
[8.468s] DEBUG:colcon.colcon_parallel_executor.executor.parallel:run_until_complete finished with '0'
[8.469s] DEBUG:colcon.colcon_core.event_reactor:joining thread
[8.536s] INFO:colcon.colcon_core.plugin_system:Skipping extension 'colcon_notification.desktop_notification.terminal_notifier': Not used on non-Darwin systems
[8.538s] INFO:colcon.colcon_core.plugin_system:Skipping extension 'colcon_notification.desktop_notification.win32': Not used on non-Windows systems
[8.539s] INFO:colcon.colcon_notification.desktop_notification:Sending desktop notification using 'notify2'
[8.784s] DEBUG:colcon.colcon_core.event_reactor:joined thread
[8.797s] INFO:colcon.colcon_core.shell:Creating prefix script '/home/jd/Workspaces/stewart_ws/src/robot/install/local_setup.ps1'
[8.810s] INFO:colcon.colcon_core.shell:Creating prefix util module '/home/jd/Workspaces/stewart_ws/src/robot/install/_local_setup_util_ps1.py'
[8.825s] INFO:colcon.colcon_core.shell:Creating prefix chain script '/home/jd/Workspaces/stewart_ws/src/robot/install/setup.ps1'
[8.848s] INFO:colcon.colcon_core.shell:Creating prefix script '/home/jd/Workspaces/stewart_ws/src/robot/install/local_setup.sh'
[8.861s] INFO:colcon.colcon_core.shell:Creating prefix util module '/home/jd/Workspaces/stewart_ws/src/robot/install/_local_setup_util_sh.py'
[8.871s] INFO:colcon.colcon_core.shell:Creating prefix chain script '/home/jd/Workspaces/stewart_ws/src/robot/install/setup.sh'
[8.890s] INFO:colcon.colcon_core.shell:Creating prefix script '/home/jd/Workspaces/stewart_ws/src/robot/install/local_setup.bash'
[8.897s] INFO:colcon.colcon_core.shell:Creating prefix chain script '/home/jd/Workspaces/stewart_ws/src/robot/install/setup.bash'
[8.912s] INFO:colcon.colcon_core.shell:Creating prefix script '/home/jd/Workspaces/stewart_ws/src/robot/install/local_setup.zsh'
[8.916s] INFO:colcon.colcon_core.shell:Creating prefix chain script '/home/jd/Workspaces/stewart_ws/src/robot/install/setup.zsh'
