[0.276s] Invoking command in '/home/jd/Workspaces/stewart_ws/src/robot/build/robot': CMAKE_PREFIX_PATH=${CMAKE_PREFIX_PATH}:/opt/ros/humble /usr/bin/cmake --build /home/jd/Workspaces/stewart_ws/src/robot/build/robot -- -j4 -l4
[0.593s] Invoked command in '/home/jd/Workspaces/stewart_ws/src/robot/build/robot' returned '0': CMAKE_PREFIX_PATH=${CMAKE_PREFIX_PATH}:/opt/ros/humble /usr/bin/cmake --build /home/jd/Workspaces/stewart_ws/src/robot/build/robot -- -j4 -l4
[1.006s] Invoking command in '/home/jd/Workspaces/stewart_ws/src/robot/build/robot': CMAKE_PREFIX_PATH=${CMAKE_PREFIX_PATH}:/opt/ros/humble /usr/bin/cmake --install /home/jd/Workspaces/stewart_ws/src/robot/build/robot
[1.138s] -- Install configuration: ""
[1.139s] -- Up-to-date: /home/jd/Workspaces/stewart_ws/src/robot/install/robot/lib/robot/end_effector_tf.py
[1.140s] -- Up-to-date: /home/jd/Workspaces/stewart_ws/src/robot/install/robot/lib/robot/constant_end_effector_publisher.py
[1.141s] -- Up-to-date: /home/jd/Workspaces/stewart_ws/src/robot/install/robot/lib/robot/servo_angle_calculator.py
[1.147s] -- Up-to-date: /home/jd/Workspaces/stewart_ws/src/robot/install/robot/lib/robot/fixed_frame_broadcaster.py
[1.148s] -- Up-to-date: /home/jd/Workspaces/stewart_ws/src/robot/install/robot/lib/robot/serial_communication.py
[1.150s] -- Installing: /home/jd/Workspaces/stewart_ws/src/robot/install/robot/lib/robot/animation_player.py
[1.151s] -- Up-to-date: /home/jd/Workspaces/stewart_ws/src/robot/install/robot/lib/robot/gui.py
[1.151s] -- Up-to-date: /home/jd/Workspaces/stewart_ws/src/robot/install/robot/lib/robot/gui2.py
[1.152s] -- Up-to-date: /home/jd/Workspaces/stewart_ws/src/robot/install/robot/lib/robot/servo_angle_gui.py
[1.156s] -- Up-to-date: /home/jd/Workspaces/stewart_ws/src/robot/install/robot/share/robot//launch
[1.161s] -- Up-to-date: /home/jd/Workspaces/stewart_ws/src/robot/install/robot/share/robot//launch/robot.launch.py
[1.171s] -- Up-to-date: /home/jd/Workspaces/stewart_ws/src/robot/install/robot/share/robot//launch/urdf.launch.py
[1.201s] -- Up-to-date: /home/jd/Workspaces/stewart_ws/src/robot/install/robot/share/robot//launch/end_effector.launch.py
[1.203s] -- Up-to-date: /home/jd/Workspaces/stewart_ws/src/robot/install/robot/share/robot//launch/display_confiv.rviz
[1.205s] -- Up-to-date: /home/jd/Workspaces/stewart_ws/src/robot/install/robot/share/robot//urdf
[1.223s] -- Up-to-date: /home/jd/Workspaces/stewart_ws/src/robot/install/robot/share/robot//urdf/robot_arms.xacro
[1.225s] -- Up-to-date: /home/jd/Workspaces/stewart_ws/src/robot/install/robot/share/robot//urdf/robot_long_arms.xacro
[1.231s] -- Up-to-date: /home/jd/Workspaces/stewart_ws/src/robot/install/robot/share/robot//urdf/robot_base.xacro
[1.232s] -- Up-to-date: /home/jd/Workspaces/stewart_ws/src/robot/install/robot/share/robot//urdf/robot.urdf.xacro
[1.233s] -- Up-to-date: /home/jd/Workspaces/stewart_ws/src/robot/install/robot/share/robot//urdf/robot_end_effector.xacro
[1.234s] -- Up-to-date: /home/jd/Workspaces/stewart_ws/src/robot/install/robot/share/ament_index/resource_index/package_run_dependencies/robot
[1.239s] -- Up-to-date: /home/jd/Workspaces/stewart_ws/src/robot/install/robot/share/ament_index/resource_index/parent_prefix_path/robot
[1.241s] -- Up-to-date: /home/jd/Workspaces/stewart_ws/src/robot/install/robot/share/robot/environment/ament_prefix_path.sh
[1.253s] -- Up-to-date: /home/jd/Workspaces/stewart_ws/src/robot/install/robot/share/robot/environment/ament_prefix_path.dsv
[1.255s] -- Up-to-date: /home/jd/Workspaces/stewart_ws/src/robot/install/robot/share/robot/environment/path.sh
[1.256s] -- Up-to-date: /home/jd/Workspaces/stewart_ws/src/robot/install/robot/share/robot/environment/path.dsv
[1.257s] -- Up-to-date: /home/jd/Workspaces/stewart_ws/src/robot/install/robot/share/robot/local_setup.bash
[1.259s] -- Up-to-date: /home/jd/Workspaces/stewart_ws/src/robot/install/robot/share/robot/local_setup.sh
[1.260s] -- Up-to-date: /home/jd/Workspaces/stewart_ws/src/robot/install/robot/share/robot/local_setup.zsh
[1.276s] -- Up-to-date: /home/jd/Workspaces/stewart_ws/src/robot/install/robot/share/robot/local_setup.dsv
[1.278s] -- Installing: /home/jd/Workspaces/stewart_ws/src/robot/install/robot/share/robot/package.dsv
[1.280s] -- Up-to-date: /home/jd/Workspaces/stewart_ws/src/robot/install/robot/share/ament_index/resource_index/packages/robot
[1.280s] -- Up-to-date: /home/jd/Workspaces/stewart_ws/src/robot/install/robot/share/robot/cmake/robotConfig.cmake
[1.282s] -- Up-to-date: /home/jd/Workspaces/stewart_ws/src/robot/install/robot/share/robot/cmake/robotConfig-version.cmake
[1.283s] -- Up-to-date: /home/jd/Workspaces/stewart_ws/src/robot/install/robot/share/robot/package.xml
[1.297s] Invoked command in '/home/jd/Workspaces/stewart_ws/src/robot/build/robot' returned '0': CMAKE_PREFIX_PATH=${CMAKE_PREFIX_PATH}:/opt/ros/humble /usr/bin/cmake --install /home/jd/Workspaces/stewart_ws/src/robot/build/robot
