-- Install configuration: ""
-- Up-to-date: /home/jd/Workspaces/stewart_ws/src/robot/install/robot/lib/robot/end_effector_tf.py
-- Up-to-date: /home/jd/Workspaces/stewart_ws/src/robot/install/robot/lib/robot/constant_end_effector_publisher.py
-- Up-to-date: /home/jd/Workspaces/stewart_ws/src/robot/install/robot/lib/robot/servo_angle_calculator.py
-- Up-to-date: /home/jd/Workspaces/stewart_ws/src/robot/install/robot/lib/robot/fixed_frame_broadcaster.py
-- Up-to-date: /home/jd/Workspaces/stewart_ws/src/robot/install/robot/lib/robot/serial_communication.py
-- Installing: /home/jd/Workspaces/stewart_ws/src/robot/install/robot/lib/robot/animation_player.py
-- Up-to-date: /home/jd/Workspaces/stewart_ws/src/robot/install/robot/lib/robot/gui.py
-- Up-to-date: /home/jd/Workspaces/stewart_ws/src/robot/install/robot/lib/robot/gui2.py
-- Up-to-date: /home/jd/Workspaces/stewart_ws/src/robot/install/robot/lib/robot/servo_angle_gui.py
-- Up-to-date: /home/jd/Workspaces/stewart_ws/src/robot/install/robot/share/robot//launch
-- Up-to-date: /home/jd/Workspaces/stewart_ws/src/robot/install/robot/share/robot//launch/robot.launch.py
-- Up-to-date: /home/jd/Workspaces/stewart_ws/src/robot/install/robot/share/robot//launch/urdf.launch.py
-- Up-to-date: /home/jd/Workspaces/stewart_ws/src/robot/install/robot/share/robot//launch/end_effector.launch.py
-- Up-to-date: /home/jd/Workspaces/stewart_ws/src/robot/install/robot/share/robot//launch/display_confiv.rviz
-- Up-to-date: /home/jd/Workspaces/stewart_ws/src/robot/install/robot/share/robot//urdf
-- Up-to-date: /home/jd/Workspaces/stewart_ws/src/robot/install/robot/share/robot//urdf/robot_arms.xacro
-- Up-to-date: /home/jd/Workspaces/stewart_ws/src/robot/install/robot/share/robot//urdf/robot_long_arms.xacro
-- Up-to-date: /home/jd/Workspaces/stewart_ws/src/robot/install/robot/share/robot//urdf/robot_base.xacro
-- Up-to-date: /home/jd/Workspaces/stewart_ws/src/robot/install/robot/share/robot//urdf/robot.urdf.xacro
-- Up-to-date: /home/jd/Workspaces/stewart_ws/src/robot/install/robot/share/robot//urdf/robot_end_effector.xacro
-- Up-to-date: /home/jd/Workspaces/stewart_ws/src/robot/install/robot/share/ament_index/resource_index/package_run_dependencies/robot
-- Up-to-date: /home/jd/Workspaces/stewart_ws/src/robot/install/robot/share/ament_index/resource_index/parent_prefix_path/robot
-- Up-to-date: /home/jd/Workspaces/stewart_ws/src/robot/install/robot/share/robot/environment/ament_prefix_path.sh
-- Up-to-date: /home/jd/Workspaces/stewart_ws/src/robot/install/robot/share/robot/environment/ament_prefix_path.dsv
-- Up-to-date: /home/jd/Workspaces/stewart_ws/src/robot/install/robot/share/robot/environment/path.sh
-- Up-to-date: /home/jd/Workspaces/stewart_ws/src/robot/install/robot/share/robot/environment/path.dsv
-- Up-to-date: /home/jd/Workspaces/stewart_ws/src/robot/install/robot/share/robot/local_setup.bash
-- Up-to-date: /home/jd/Workspaces/stewart_ws/src/robot/install/robot/share/robot/local_setup.sh
-- Up-to-date: /home/jd/Workspaces/stewart_ws/src/robot/install/robot/share/robot/local_setup.zsh
-- Up-to-date: /home/jd/Workspaces/stewart_ws/src/robot/install/robot/share/robot/local_setup.dsv
-- Installing: /home/jd/Workspaces/stewart_ws/src/robot/install/robot/share/robot/package.dsv
-- Up-to-date: /home/jd/Workspaces/stewart_ws/src/robot/install/robot/share/ament_index/resource_index/packages/robot
-- Up-to-date: /home/jd/Workspaces/stewart_ws/src/robot/install/robot/share/robot/cmake/robotConfig.cmake
-- Up-to-date: /home/jd/Workspaces/stewart_ws/src/robot/install/robot/share/robot/cmake/robotConfig-version.cmake
-- Up-to-date: /home/jd/Workspaces/stewart_ws/src/robot/install/robot/share/robot/package.xml
