[0.259s] Invoking command in '/home/jd/Workspaces/stewart_ws/src/robot/build/robot': CMAKE_PREFIX_PATH=${CMAKE_PREFIX_PATH}:/opt/ros/humble /usr/bin/cmake --build /home/jd/Workspaces/stewart_ws/src/robot/build/robot -- -j4 -l4
[0.765s] Invoked command in '/home/jd/Workspaces/stewart_ws/src/robot/build/robot' returned '0': CMAKE_PREFIX_PATH=${CMAKE_PREFIX_PATH}:/opt/ros/humble /usr/bin/cmake --build /home/jd/Workspaces/stewart_ws/src/robot/build/robot -- -j4 -l4
[1.090s] Invoking command in '/home/jd/Workspaces/stewart_ws/src/robot/build/robot': CMAKE_PREFIX_PATH=${CMAKE_PREFIX_PATH}:/opt/ros/humble /usr/bin/cmake --install /home/jd/Workspaces/stewart_ws/src/robot/build/robot
[1.181s] -- Install configuration: ""
[1.184s] -- Up-to-date: /home/jd/Workspaces/stewart_ws/src/robot/install/robot/lib/robot/end_effector_tf.py
[1.186s] -- Up-to-date: /home/jd/Workspaces/stewart_ws/src/robot/install/robot/lib/robot/constant_end_effector_publisher.py
[1.189s] -- Up-to-date: /home/jd/Workspaces/stewart_ws/src/robot/install/robot/lib/robot/servo_angle_calculator.py
[1.191s] -- Up-to-date: /home/jd/Workspaces/stewart_ws/src/robot/install/robot/lib/robot/fixed_frame_broadcaster.py
[1.193s] -- Up-to-date: /home/jd/Workspaces/stewart_ws/src/robot/install/robot/lib/robot/serial_communication.py
[1.195s] -- Installing: /home/jd/Workspaces/stewart_ws/src/robot/install/robot/lib/robot/animation_player.py
[1.198s] -- Up-to-date: /home/jd/Workspaces/stewart_ws/src/robot/install/robot/lib/robot/gui.py
[1.200s] -- Up-to-date: /home/jd/Workspaces/stewart_ws/src/robot/install/robot/lib/robot/gui2.py
[1.202s] -- Up-to-date: /home/jd/Workspaces/stewart_ws/src/robot/install/robot/lib/robot/servo_angle_gui.py
[1.205s] -- Up-to-date: /home/jd/Workspaces/stewart_ws/src/robot/install/robot/share/robot//launch
[1.208s] -- Up-to-date: /home/jd/Workspaces/stewart_ws/src/robot/install/robot/share/robot//launch/robot.launch.py
[1.211s] -- Up-to-date: /home/jd/Workspaces/stewart_ws/src/robot/install/robot/share/robot//launch/urdf.launch.py
[1.216s] -- Up-to-date: /home/jd/Workspaces/stewart_ws/src/robot/install/robot/share/robot//launch/end_effector.launch.py
[1.218s] -- Up-to-date: /home/jd/Workspaces/stewart_ws/src/robot/install/robot/share/robot//launch/display_confiv.rviz
[1.225s] -- Up-to-date: /home/jd/Workspaces/stewart_ws/src/robot/install/robot/share/robot//urdf
[1.227s] -- Up-to-date: /home/jd/Workspaces/stewart_ws/src/robot/install/robot/share/robot//urdf/robot_arms.xacro
[1.229s] -- Up-to-date: /home/jd/Workspaces/stewart_ws/src/robot/install/robot/share/robot//urdf/robot_long_arms.xacro
[1.230s] -- Up-to-date: /home/jd/Workspaces/stewart_ws/src/robot/install/robot/share/robot//urdf/robot_base.xacro
[1.231s] -- Up-to-date: /home/jd/Workspaces/stewart_ws/src/robot/install/robot/share/robot//urdf/robot.urdf.xacro
[1.232s] -- Up-to-date: /home/jd/Workspaces/stewart_ws/src/robot/install/robot/share/robot//urdf/robot_end_effector.xacro
[1.233s] -- Up-to-date: /home/jd/Workspaces/stewart_ws/src/robot/install/robot/share/ament_index/resource_index/package_run_dependencies/robot
[1.234s] -- Up-to-date: /home/jd/Workspaces/stewart_ws/src/robot/install/robot/share/ament_index/resource_index/parent_prefix_path/robot
[1.235s] -- Up-to-date: /home/jd/Workspaces/stewart_ws/src/robot/install/robot/share/robot/environment/ament_prefix_path.sh
[1.235s] -- Up-to-date: /home/jd/Workspaces/stewart_ws/src/robot/install/robot/share/robot/environment/ament_prefix_path.dsv
[1.236s] -- Up-to-date: /home/jd/Workspaces/stewart_ws/src/robot/install/robot/share/robot/environment/path.sh
[1.239s] -- Up-to-date: /home/jd/Workspaces/stewart_ws/src/robot/install/robot/share/robot/environment/path.dsv
[1.263s] -- Up-to-date: /home/jd/Workspaces/stewart_ws/src/robot/install/robot/share/robot/local_setup.bash
[1.265s] -- Up-to-date: /home/jd/Workspaces/stewart_ws/src/robot/install/robot/share/robot/local_setup.sh
[1.267s] -- Up-to-date: /home/jd/Workspaces/stewart_ws/src/robot/install/robot/share/robot/local_setup.zsh
[1.284s] -- Up-to-date: /home/jd/Workspaces/stewart_ws/src/robot/install/robot/share/robot/local_setup.dsv
[1.287s] -- Installing: /home/jd/Workspaces/stewart_ws/src/robot/install/robot/share/robot/package.dsv
[1.290s] -- Up-to-date: /home/jd/Workspaces/stewart_ws/src/robot/install/robot/share/ament_index/resource_index/packages/robot
[1.293s] -- Up-to-date: /home/jd/Workspaces/stewart_ws/src/robot/install/robot/share/robot/cmake/robotConfig.cmake
[1.294s] -- Up-to-date: /home/jd/Workspaces/stewart_ws/src/robot/install/robot/share/robot/cmake/robotConfig-version.cmake
[1.296s] -- Up-to-date: /home/jd/Workspaces/stewart_ws/src/robot/install/robot/share/robot/package.xml
[1.314s] Invoked command in '/home/jd/Workspaces/stewart_ws/src/robot/build/robot' returned '0': CMAKE_PREFIX_PATH=${CMAKE_PREFIX_PATH}:/opt/ros/humble /usr/bin/cmake --install /home/jd/Workspaces/stewart_ws/src/robot/build/robot
