[0.067s] Invoking command in '/home/jd/Workspaces/stewart_ws/src/robot/build/robot': CMAKE_PREFIX_PATH=/opt/ros/humble /usr/bin/cmake /home/jd/Workspaces/stewart_ws/src/robot -DCMAKE_INSTALL_PREFIX=/home/jd/Workspaces/stewart_ws/src/robot/install/robot
[0.364s] -- The C compiler identification is GNU 11.3.0
[0.654s] -- The CXX compiler identification is GNU 11.3.0
[0.691s] -- Detecting C compiler ABI info
[1.034s] -- Detecting C compiler ABI info - done
[1.062s] -- Check for working C compiler: /usr/bin/cc - skipped
[1.064s] -- Detecting C compile features
[1.066s] -- Detecting C compile features - done
[1.079s] -- Detecting CXX compiler ABI info
[1.458s] -- Detecting CXX compiler ABI info - done
[1.488s] -- Check for working CXX compiler: /usr/bin/c++ - skipped
[1.489s] -- Detecting CXX compile features
[1.491s] -- Detecting CXX compile features - done
[1.516s] -- Found ament_cmake: 1.3.4 (/opt/ros/humble/share/ament_cmake/cmake)
[2.366s] -- Found Python3: /usr/bin/python3.10 (found version "3.10.6") found components: Interpreter 
[2.921s] -- Found rclpy: 3.3.8 (/opt/ros/humble/share/rclpy/cmake)
[2.942s] -- Found urdf: 2.6.0 (/opt/ros/humble/share/urdf/cmake)
[3.543s] -- Found rviz2: 11.2.5 (/opt/ros/humble/share/rviz2/cmake)
[3.561s] -- Found ament_lint_auto: 0.12.6 (/opt/ros/humble/share/ament_lint_auto/cmake)
[4.091s] -- Added test 'cppcheck' to perform static code analysis on C / C++ code
[4.092s] -- Configured cppcheck include dirs: 
[4.092s] -- Configured cppcheck exclude dirs and/or files: 
[4.104s] -- Added test 'flake8' to check Python code syntax and style conventions
[4.128s] -- Added test 'lint_cmake' to check CMake code style
[4.140s] -- Added test 'pep257' to check Python code against some of the docstring style conventions in PEP 257
[4.227s] -- Added test 'uncrustify' to check C / C++ code style
[4.227s] -- Configured uncrustify additional arguments: 
[4.241s] -- Added test 'xmllint' to check XML markup files
[4.247s] -- Configuring done
[4.270s] -- Generating done
[4.275s] -- Build files have been written to: /home/jd/Workspaces/stewart_ws/src/robot/build/robot
[4.297s] Invoked command in '/home/jd/Workspaces/stewart_ws/src/robot/build/robot' returned '0': CMAKE_PREFIX_PATH=/opt/ros/humble /usr/bin/cmake /home/jd/Workspaces/stewart_ws/src/robot -DCMAKE_INSTALL_PREFIX=/home/jd/Workspaces/stewart_ws/src/robot/install/robot
[4.306s] Invoking command in '/home/jd/Workspaces/stewart_ws/src/robot/build/robot': CMAKE_PREFIX_PATH=/opt/ros/humble /usr/bin/cmake --build /home/jd/Workspaces/stewart_ws/src/robot/build/robot -- -j4 -l4
[4.461s] Invoked command in '/home/jd/Workspaces/stewart_ws/src/robot/build/robot' returned '0': CMAKE_PREFIX_PATH=/opt/ros/humble /usr/bin/cmake --build /home/jd/Workspaces/stewart_ws/src/robot/build/robot -- -j4 -l4
[4.613s] Invoking command in '/home/jd/Workspaces/stewart_ws/src/robot/build/robot': CMAKE_PREFIX_PATH=/opt/ros/humble /usr/bin/cmake --install /home/jd/Workspaces/stewart_ws/src/robot/build/robot
[4.641s] -- Install configuration: ""
[4.642s] -- Installing: /home/jd/Workspaces/stewart_ws/src/robot/install/robot/lib/robot/end_effector_tf.py
[4.643s] -- Installing: /home/jd/Workspaces/stewart_ws/src/robot/install/robot/lib/robot/constant_end_effector_publisher.py
[4.644s] -- Installing: /home/jd/Workspaces/stewart_ws/src/robot/install/robot/lib/robot/servo_angle_calculator.py
[4.645s] -- Installing: /home/jd/Workspaces/stewart_ws/src/robot/install/robot/lib/robot/fixed_frame_broadcaster.py
[4.646s] -- Installing: /home/jd/Workspaces/stewart_ws/src/robot/install/robot/lib/robot/serial_communication.py
[4.647s] -- Installing: /home/jd/Workspaces/stewart_ws/src/robot/install/robot/lib/robot/animation_player.py
[4.648s] -- Installing: /home/jd/Workspaces/stewart_ws/src/robot/install/robot/share/robot//launch
[4.649s] -- Installing: /home/jd/Workspaces/stewart_ws/src/robot/install/robot/share/robot//launch/robot.launch.py
[4.650s] -- Installing: /home/jd/Workspaces/stewart_ws/src/robot/install/robot/share/robot//launch/urdf.launch.py
[4.650s] -- Installing: /home/jd/Workspaces/stewart_ws/src/robot/install/robot/share/robot//launch/end_effector.launch.py
[4.651s] -- Installing: /home/jd/Workspaces/stewart_ws/src/robot/install/robot/share/robot//launch/display_confiv.rviz
[4.652s] -- Installing: /home/jd/Workspaces/stewart_ws/src/robot/install/robot/share/robot//urdf
[4.653s] -- Installing: /home/jd/Workspaces/stewart_ws/src/robot/install/robot/share/robot//urdf/robot_arms.xacro
[4.654s] -- Installing: /home/jd/Workspaces/stewart_ws/src/robot/install/robot/share/robot//urdf/robot_long_arms.xacro
[4.655s] -- Installing: /home/jd/Workspaces/stewart_ws/src/robot/install/robot/share/robot//urdf/robot_base.xacro
[4.656s] -- Installing: /home/jd/Workspaces/stewart_ws/src/robot/install/robot/share/robot//urdf/robot.urdf.xacro
[4.658s] -- Installing: /home/jd/Workspaces/stewart_ws/src/robot/install/robot/share/robot//urdf/robot_end_effector.xacro
[4.660s] -- Installing: /home/jd/Workspaces/stewart_ws/src/robot/install/robot/share/ament_index/resource_index/package_run_dependencies/robot
[4.662s] -- Installing: /home/jd/Workspaces/stewart_ws/src/robot/install/robot/share/ament_index/resource_index/parent_prefix_path/robot
[4.664s] -- Installing: /home/jd/Workspaces/stewart_ws/src/robot/install/robot/share/robot/environment/ament_prefix_path.sh
[4.665s] -- Installing: /home/jd/Workspaces/stewart_ws/src/robot/install/robot/share/robot/environment/ament_prefix_path.dsv
[4.667s] -- Installing: /home/jd/Workspaces/stewart_ws/src/robot/install/robot/share/robot/environment/path.sh
[4.668s] -- Installing: /home/jd/Workspaces/stewart_ws/src/robot/install/robot/share/robot/environment/path.dsv
[4.669s] -- Installing: /home/jd/Workspaces/stewart_ws/src/robot/install/robot/share/robot/local_setup.bash
[4.670s] -- Installing: /home/jd/Workspaces/stewart_ws/src/robot/install/robot/share/robot/local_setup.sh
[4.671s] -- Installing: /home/jd/Workspaces/stewart_ws/src/robot/install/robot/share/robot/local_setup.zsh
[4.672s] -- Installing: /home/jd/Workspaces/stewart_ws/src/robot/install/robot/share/robot/local_setup.dsv
[4.673s] -- Installing: /home/jd/Workspaces/stewart_ws/src/robot/install/robot/share/robot/package.dsv
[4.675s] -- Installing: /home/jd/Workspaces/stewart_ws/src/robot/install/robot/share/ament_index/resource_index/packages/robot
[4.677s] -- Installing: /home/jd/Workspaces/stewart_ws/src/robot/install/robot/share/robot/cmake/robotConfig.cmake
[4.678s] -- Installing: /home/jd/Workspaces/stewart_ws/src/robot/install/robot/share/robot/cmake/robotConfig-version.cmake
[4.679s] -- Installing: /home/jd/Workspaces/stewart_ws/src/robot/install/robot/share/robot/package.xml
[4.687s] Invoked command in '/home/jd/Workspaces/stewart_ws/src/robot/build/robot' returned '0': CMAKE_PREFIX_PATH=/opt/ros/humble /usr/bin/cmake --install /home/jd/Workspaces/stewart_ws/src/robot/build/robot
