[4.020s] DEBUG:colcon:Command line arguments: ['/usr/bin/colcon', 'build']
[4.021s] DEBUG:colcon:Parsed command line arguments: Namespace(log_base=None, log_level=None, verb_name='build', build_base='build', install_base='install', merge_install=False, symlink_install=False, test_result_base=None, continue_on_error=False, executor='parallel', parallel_workers=4, event_handlers=None, ignore_user_meta=False, metas=['./colcon.meta'], base_paths=['.'], packages_ignore=None, packages_ignore_regex=None, paths=None, packages_up_to=None, packages_up_to_regex=None, packages_above=None, packages_above_and_dependencies=None, packages_above_depth=None, packages_select_by_dep=None, packages_skip_by_dep=None, packages_skip_up_to=None, packages_select_build_failed=False, packages_skip_build_finished=False, packages_select_test_failures=False, packages_skip_test_passed=False, packages_select=None, packages_skip=None, packages_select_regex=None, packages_skip_regex=None, packages_start=None, packages_end=None, allow_overriding=[], cmake_args=None, cmake_target=None, cmake_target_skip_unavailable=False, cmake_clean_cache=False, cmake_clean_first=False, cmake_force_configure=False, ament_cmake_args=None, catkin_cmake_args=None, catkin_skip_building_tests=False, verb_parser=<colcon_defaults.argument_parser.defaults.DefaultArgumentsDecorator object at 0xffffa674d540>, verb_extension=<colcon_core.verb.build.BuildVerb object at 0xffffa66773d0>, main=<bound method BuildVerb.main of <colcon_core.verb.build.BuildVerb object at 0xffffa66773d0>>)
[4.391s] Level 1:colcon.colcon_core.package_discovery:discover_packages(colcon_meta) check parameters
[4.391s] Level 1:colcon.colcon_core.package_discovery:discover_packages(recursive) check parameters
[4.392s] Level 1:colcon.colcon_core.package_discovery:discover_packages(ignore) check parameters
[4.392s] Level 1:colcon.colcon_core.package_discovery:discover_packages(path) check parameters
[4.392s] Level 1:colcon.colcon_core.package_discovery:discover_packages(colcon_meta) discover
[4.392s] Level 1:colcon.colcon_core.package_discovery:discover_packages(recursive) discover
[4.393s] INFO:colcon.colcon_core.package_discovery:Crawling recursively for packages in '/home/jd/Workspaces/stewart_ws/src/robot'
[4.393s] Level 1:colcon.colcon_core.package_identification:_identify(.) by extensions ['ignore', 'ignore_ament_install']
[4.394s] Level 1:colcon.colcon_core.package_identification:_identify(.) by extension 'ignore'
[4.394s] Level 1:colcon.colcon_core.package_identification:_identify(.) by extension 'ignore_ament_install'
[4.395s] Level 1:colcon.colcon_core.package_identification:_identify(.) by extensions ['colcon_pkg']
[4.395s] Level 1:colcon.colcon_core.package_identification:_identify(.) by extension 'colcon_pkg'
[4.395s] Level 1:colcon.colcon_core.package_identification:_identify(.) by extensions ['colcon_meta']
[4.395s] Level 1:colcon.colcon_core.package_identification:_identify(.) by extension 'colcon_meta'
[4.396s] Level 1:colcon.colcon_core.package_identification:_identify(.) by extensions ['ros']
[4.396s] Level 1:colcon.colcon_core.package_identification:_identify(.) by extension 'ros'
[4.536s] DEBUG:colcon.colcon_core.package_identification:Package '.' with type 'ros.ament_cmake' and name 'robot'
[4.538s] Level 1:colcon.colcon_core.package_discovery:discover_packages(recursive) using defaults
[4.539s] Level 1:colcon.colcon_core.package_discovery:discover_packages(ignore) discover
[4.540s] Level 1:colcon.colcon_core.package_discovery:discover_packages(ignore) using defaults
[4.541s] Level 1:colcon.colcon_core.package_discovery:discover_packages(path) discover
[4.541s] Level 1:colcon.colcon_core.package_discovery:discover_packages(path) using defaults
[4.761s] Level 1:colcon.colcon_core.package_discovery:discover_packages(prefix_path) check parameters
[4.762s] Level 1:colcon.colcon_core.package_discovery:discover_packages(prefix_path) discover
[4.784s] DEBUG:colcon.colcon_installed_package_information.package_discovery:Found 1 installed packages in /home/jd/Workspaces/stewart_ws/src/robot/install
[4.796s] DEBUG:colcon.colcon_installed_package_information.package_discovery:Found 2 installed packages in /home/jd/Workspaces/stewart_ws/src/install
[4.818s] DEBUG:colcon.colcon_installed_package_information.package_discovery:Found 275 installed packages in /opt/ros/humble
[4.832s] Level 1:colcon.colcon_core.package_discovery:discover_packages(prefix_path) using defaults
[5.641s] Level 5:colcon.colcon_core.verb:set package 'robot' build argument 'cmake_args' from command line to 'None'
[5.642s] Level 5:colcon.colcon_core.verb:set package 'robot' build argument 'cmake_target' from command line to 'None'
[5.643s] Level 5:colcon.colcon_core.verb:set package 'robot' build argument 'cmake_target_skip_unavailable' from command line to 'False'
[5.643s] Level 5:colcon.colcon_core.verb:set package 'robot' build argument 'cmake_clean_cache' from command line to 'False'
[5.643s] Level 5:colcon.colcon_core.verb:set package 'robot' build argument 'cmake_clean_first' from command line to 'False'
[5.644s] Level 5:colcon.colcon_core.verb:set package 'robot' build argument 'cmake_force_configure' from command line to 'False'
[5.644s] Level 5:colcon.colcon_core.verb:set package 'robot' build argument 'ament_cmake_args' from command line to 'None'
[5.644s] Level 5:colcon.colcon_core.verb:set package 'robot' build argument 'catkin_cmake_args' from command line to 'None'
[5.645s] Level 5:colcon.colcon_core.verb:set package 'robot' build argument 'catkin_skip_building_tests' from command line to 'False'
[5.645s] DEBUG:colcon.colcon_core.verb:Building package 'robot' with the following arguments: {'ament_cmake_args': None, 'build_base': '/home/jd/Workspaces/stewart_ws/src/robot/build/robot', 'catkin_cmake_args': None, 'catkin_skip_building_tests': False, 'cmake_args': None, 'cmake_clean_cache': False, 'cmake_clean_first': False, 'cmake_force_configure': False, 'cmake_target': None, 'cmake_target_skip_unavailable': False, 'install_base': '/home/jd/Workspaces/stewart_ws/src/robot/install/robot', 'merge_install': False, 'path': '/home/jd/Workspaces/stewart_ws/src/robot', 'symlink_install': False, 'test_result_base': None}
[5.656s] INFO:colcon.colcon_core.executor:Executing jobs using 'parallel' executor
[5.701s] DEBUG:colcon.colcon_parallel_executor.executor.parallel:run_until_complete
[5.702s] INFO:colcon.colcon_ros.task.ament_cmake.build:Building ROS package in '/home/jd/Workspaces/stewart_ws/src/robot' with build type 'ament_cmake'
[5.703s] INFO:colcon.colcon_cmake.task.cmake.build:Building CMake package in '/home/jd/Workspaces/stewart_ws/src/robot'
[5.829s] INFO:colcon.colcon_core.plugin_system:Skipping extension 'colcon_core.shell.bat': Not used on non-Windows systems
[5.832s] INFO:colcon.colcon_core.shell:Skip shell extension 'powershell' for command environment: Not usable outside of PowerShell
[5.833s] DEBUG:colcon.colcon_core.shell:Skip shell extension 'dsv' for command environment
[5.980s] DEBUG:colcon.colcon_core.event_handler.log_command:Invoking command in '/home/jd/Workspaces/stewart_ws/src/robot/build/robot': CMAKE_PREFIX_PATH=${CMAKE_PREFIX_PATH}:/opt/ros/humble /usr/bin/cmake --build /home/jd/Workspaces/stewart_ws/src/robot/build/robot -- -j4 -l4
[6.298s] DEBUG:colcon.colcon_core.event_handler.log_command:Invoked command in '/home/jd/Workspaces/stewart_ws/src/robot/build/robot' returned '0': CMAKE_PREFIX_PATH=${CMAKE_PREFIX_PATH}:/opt/ros/humble /usr/bin/cmake --build /home/jd/Workspaces/stewart_ws/src/robot/build/robot -- -j4 -l4
[6.711s] DEBUG:colcon.colcon_core.event_handler.log_command:Invoking command in '/home/jd/Workspaces/stewart_ws/src/robot/build/robot': CMAKE_PREFIX_PATH=${CMAKE_PREFIX_PATH}:/opt/ros/humble /usr/bin/cmake --install /home/jd/Workspaces/stewart_ws/src/robot/build/robot
[6.886s] Level 1:colcon.colcon_core.environment:create_environment_scripts_only(robot)
[7.001s] DEBUG:colcon.colcon_core.event_handler.log_command:Invoked command in '/home/jd/Workspaces/stewart_ws/src/robot/build/robot' returned '0': CMAKE_PREFIX_PATH=${CMAKE_PREFIX_PATH}:/opt/ros/humble /usr/bin/cmake --install /home/jd/Workspaces/stewart_ws/src/robot/build/robot
[7.011s] Level 1:colcon.colcon_core.environment:checking '/home/jd/Workspaces/stewart_ws/src/robot/install/robot' for CMake module files
[7.019s] Level 1:colcon.colcon_core.environment:checking '/home/jd/Workspaces/stewart_ws/src/robot/install/robot' for CMake config files
[7.023s] Level 1:colcon.colcon_core.shell:create_environment_hook('robot', 'cmake_prefix_path')
[7.043s] INFO:colcon.colcon_core.shell:Creating environment hook '/home/jd/Workspaces/stewart_ws/src/robot/install/robot/share/robot/hook/cmake_prefix_path.ps1'
[7.052s] INFO:colcon.colcon_core.shell:Creating environment descriptor '/home/jd/Workspaces/stewart_ws/src/robot/install/robot/share/robot/hook/cmake_prefix_path.dsv'
[7.060s] INFO:colcon.colcon_core.shell:Creating environment hook '/home/jd/Workspaces/stewart_ws/src/robot/install/robot/share/robot/hook/cmake_prefix_path.sh'
[7.072s] Level 1:colcon.colcon_core.environment:checking '/home/jd/Workspaces/stewart_ws/src/robot/install/robot/lib'
[7.075s] Level 1:colcon.colcon_core.environment:checking '/home/jd/Workspaces/stewart_ws/src/robot/install/robot/bin'
[7.077s] Level 1:colcon.colcon_core.environment:checking '/home/jd/Workspaces/stewart_ws/src/robot/install/robot/lib/pkgconfig/robot.pc'
[7.080s] Level 1:colcon.colcon_core.environment:checking '/home/jd/Workspaces/stewart_ws/src/robot/install/robot/lib/python3.10/site-packages'
[7.086s] Level 1:colcon.colcon_core.environment:checking '/home/jd/Workspaces/stewart_ws/src/robot/install/robot/bin'
[7.100s] INFO:colcon.colcon_core.shell:Creating package script '/home/jd/Workspaces/stewart_ws/src/robot/install/robot/share/robot/package.ps1'
[7.107s] INFO:colcon.colcon_core.shell:Creating package descriptor '/home/jd/Workspaces/stewart_ws/src/robot/install/robot/share/robot/package.dsv'
[7.114s] INFO:colcon.colcon_core.shell:Creating package script '/home/jd/Workspaces/stewart_ws/src/robot/install/robot/share/robot/package.sh'
[7.122s] INFO:colcon.colcon_core.shell:Creating package script '/home/jd/Workspaces/stewart_ws/src/robot/install/robot/share/robot/package.bash'
[7.130s] INFO:colcon.colcon_core.shell:Creating package script '/home/jd/Workspaces/stewart_ws/src/robot/install/robot/share/robot/package.zsh'
[7.141s] Level 1:colcon.colcon_core.environment:create_file_with_runtime_dependencies(/home/jd/Workspaces/stewart_ws/src/robot/install/robot/share/colcon-core/packages/robot)
[7.380s] Level 1:colcon.colcon_core.environment:create_environment_scripts_only(robot)
[7.404s] Level 1:colcon.colcon_core.environment:checking '/home/jd/Workspaces/stewart_ws/src/robot/install/robot' for CMake module files
[7.408s] Level 1:colcon.colcon_core.environment:checking '/home/jd/Workspaces/stewart_ws/src/robot/install/robot' for CMake config files
[7.410s] Level 1:colcon.colcon_core.shell:create_environment_hook('robot', 'cmake_prefix_path')
[7.426s] INFO:colcon.colcon_core.shell:Creating environment hook '/home/jd/Workspaces/stewart_ws/src/robot/install/robot/share/robot/hook/cmake_prefix_path.ps1'
[7.432s] INFO:colcon.colcon_core.shell:Creating environment descriptor '/home/jd/Workspaces/stewart_ws/src/robot/install/robot/share/robot/hook/cmake_prefix_path.dsv'
[7.437s] INFO:colcon.colcon_core.shell:Creating environment hook '/home/jd/Workspaces/stewart_ws/src/robot/install/robot/share/robot/hook/cmake_prefix_path.sh'
[7.451s] Level 1:colcon.colcon_core.environment:checking '/home/jd/Workspaces/stewart_ws/src/robot/install/robot/lib'
[7.453s] Level 1:colcon.colcon_core.environment:checking '/home/jd/Workspaces/stewart_ws/src/robot/install/robot/bin'
[7.455s] Level 1:colcon.colcon_core.environment:checking '/home/jd/Workspaces/stewart_ws/src/robot/install/robot/lib/pkgconfig/robot.pc'
[7.458s] Level 1:colcon.colcon_core.environment:checking '/home/jd/Workspaces/stewart_ws/src/robot/install/robot/lib/python3.10/site-packages'
[7.461s] Level 1:colcon.colcon_core.environment:checking '/home/jd/Workspaces/stewart_ws/src/robot/install/robot/bin'
[7.478s] INFO:colcon.colcon_core.shell:Creating package script '/home/jd/Workspaces/stewart_ws/src/robot/install/robot/share/robot/package.ps1'
[7.490s] INFO:colcon.colcon_core.shell:Creating package descriptor '/home/jd/Workspaces/stewart_ws/src/robot/install/robot/share/robot/package.dsv'
[7.496s] INFO:colcon.colcon_core.shell:Creating package script '/home/jd/Workspaces/stewart_ws/src/robot/install/robot/share/robot/package.sh'
[7.502s] INFO:colcon.colcon_core.shell:Creating package script '/home/jd/Workspaces/stewart_ws/src/robot/install/robot/share/robot/package.bash'
[7.510s] INFO:colcon.colcon_core.shell:Creating package script '/home/jd/Workspaces/stewart_ws/src/robot/install/robot/share/robot/package.zsh'
[7.516s] Level 1:colcon.colcon_core.environment:create_file_with_runtime_dependencies(/home/jd/Workspaces/stewart_ws/src/robot/install/robot/share/colcon-core/packages/robot)
[7.520s] DEBUG:colcon.colcon_parallel_executor.executor.parallel:closing loop
[7.533s] DEBUG:colcon.colcon_parallel_executor.executor.parallel:loop closed
[7.534s] DEBUG:colcon.colcon_parallel_executor.executor.parallel:run_until_complete finished with '0'
[7.535s] DEBUG:colcon.colcon_core.event_reactor:joining thread
[7.618s] INFO:colcon.colcon_core.plugin_system:Skipping extension 'colcon_notification.desktop_notification.terminal_notifier': Not used on non-Darwin systems
[7.619s] INFO:colcon.colcon_core.plugin_system:Skipping extension 'colcon_notification.desktop_notification.win32': Not used on non-Windows systems
[7.620s] INFO:colcon.colcon_notification.desktop_notification:Sending desktop notification using 'notify2'
[7.795s] DEBUG:colcon.colcon_core.event_reactor:joined thread
[7.805s] INFO:colcon.colcon_core.shell:Creating prefix script '/home/jd/Workspaces/stewart_ws/src/robot/install/local_setup.ps1'
[7.818s] INFO:colcon.colcon_core.shell:Creating prefix util module '/home/jd/Workspaces/stewart_ws/src/robot/install/_local_setup_util_ps1.py'
[7.828s] INFO:colcon.colcon_core.shell:Creating prefix chain script '/home/jd/Workspaces/stewart_ws/src/robot/install/setup.ps1'
[7.850s] INFO:colcon.colcon_core.shell:Creating prefix script '/home/jd/Workspaces/stewart_ws/src/robot/install/local_setup.sh'
[7.862s] INFO:colcon.colcon_core.shell:Creating prefix util module '/home/jd/Workspaces/stewart_ws/src/robot/install/_local_setup_util_sh.py'
[7.873s] INFO:colcon.colcon_core.shell:Creating prefix chain script '/home/jd/Workspaces/stewart_ws/src/robot/install/setup.sh'
[7.894s] INFO:colcon.colcon_core.shell:Creating prefix script '/home/jd/Workspaces/stewart_ws/src/robot/install/local_setup.bash'
[7.897s] INFO:colcon.colcon_core.shell:Creating prefix chain script '/home/jd/Workspaces/stewart_ws/src/robot/install/setup.bash'
[7.909s] INFO:colcon.colcon_core.shell:Creating prefix script '/home/jd/Workspaces/stewart_ws/src/robot/install/local_setup.zsh'
[7.913s] INFO:colcon.colcon_core.shell:Creating prefix chain script '/home/jd/Workspaces/stewart_ws/src/robot/install/setup.zsh'
