[1.489s] DEBUG:colcon:Command line arguments: ['/usr/bin/colcon', 'build']
[1.489s] DEBUG:colcon:Parsed command line arguments: Namespace(log_base=None, log_level=None, verb_name='build', build_base='build', install_base='install', merge_install=False, symlink_install=False, test_result_base=None, continue_on_error=False, executor='parallel', parallel_workers=4, event_handlers=None, ignore_user_meta=False, metas=['./colcon.meta'], base_paths=['.'], packages_ignore=None, packages_ignore_regex=None, paths=None, packages_up_to=None, packages_up_to_regex=None, packages_above=None, packages_above_and_dependencies=None, packages_above_depth=None, packages_select_by_dep=None, packages_skip_by_dep=None, packages_skip_up_to=None, packages_select_build_failed=False, packages_skip_build_finished=False, packages_select_test_failures=False, packages_skip_test_passed=False, packages_select=None, packages_skip=None, packages_select_regex=None, packages_skip_regex=None, packages_start=None, packages_end=None, allow_overriding=[], cmake_args=None, cmake_target=None, cmake_target_skip_unavailable=False, cmake_clean_cache=False, cmake_clean_first=False, cmake_force_configure=False, ament_cmake_args=None, catkin_cmake_args=None, catkin_skip_building_tests=False, verb_parser=<colcon_defaults.argument_parser.defaults.DefaultArgumentsDecorator object at 0xffffa5a84cd0>, verb_extension=<colcon_core.verb.build.BuildVerb object at 0xffffa59b6c50>, main=<bound method BuildVerb.main of <colcon_core.verb.build.BuildVerb object at 0xffffa59b6c50>>)
[1.650s] Level 1:colcon.colcon_core.package_discovery:discover_packages(colcon_meta) check parameters
[1.651s] Level 1:colcon.colcon_core.package_discovery:discover_packages(recursive) check parameters
[1.651s] Level 1:colcon.colcon_core.package_discovery:discover_packages(ignore) check parameters
[1.651s] Level 1:colcon.colcon_core.package_discovery:discover_packages(path) check parameters
[1.651s] Level 1:colcon.colcon_core.package_discovery:discover_packages(colcon_meta) discover
[1.652s] Level 1:colcon.colcon_core.package_discovery:discover_packages(recursive) discover
[1.652s] INFO:colcon.colcon_core.package_discovery:Crawling recursively for packages in '/home/jd/Workspaces/stewart_ws/src/robot'
[1.652s] Level 1:colcon.colcon_core.package_identification:_identify(.) by extensions ['ignore', 'ignore_ament_install']
[1.653s] Level 1:colcon.colcon_core.package_identification:_identify(.) by extension 'ignore'
[1.653s] Level 1:colcon.colcon_core.package_identification:_identify(.) by extension 'ignore_ament_install'
[1.653s] Level 1:colcon.colcon_core.package_identification:_identify(.) by extensions ['colcon_pkg']
[1.654s] Level 1:colcon.colcon_core.package_identification:_identify(.) by extension 'colcon_pkg'
[1.654s] Level 1:colcon.colcon_core.package_identification:_identify(.) by extensions ['colcon_meta']
[1.654s] Level 1:colcon.colcon_core.package_identification:_identify(.) by extension 'colcon_meta'
[1.654s] Level 1:colcon.colcon_core.package_identification:_identify(.) by extensions ['ros']
[1.654s] Level 1:colcon.colcon_core.package_identification:_identify(.) by extension 'ros'
[1.714s] DEBUG:colcon.colcon_core.package_identification:Package '.' with type 'ros.ament_cmake' and name 'robot'
[1.715s] Level 1:colcon.colcon_core.package_discovery:discover_packages(recursive) using defaults
[1.715s] Level 1:colcon.colcon_core.package_discovery:discover_packages(ignore) discover
[1.715s] Level 1:colcon.colcon_core.package_discovery:discover_packages(ignore) using defaults
[1.715s] Level 1:colcon.colcon_core.package_discovery:discover_packages(path) discover
[1.715s] Level 1:colcon.colcon_core.package_discovery:discover_packages(path) using defaults
[1.811s] Level 1:colcon.colcon_core.package_discovery:discover_packages(prefix_path) check parameters
[1.811s] Level 1:colcon.colcon_core.package_discovery:discover_packages(prefix_path) discover
[1.829s] DEBUG:colcon.colcon_installed_package_information.package_discovery:Found 274 installed packages in /opt/ros/humble
[1.836s] Level 1:colcon.colcon_core.package_discovery:discover_packages(prefix_path) using defaults
[2.104s] Level 5:colcon.colcon_core.verb:set package 'robot' build argument 'cmake_args' from command line to 'None'
[2.105s] Level 5:colcon.colcon_core.verb:set package 'robot' build argument 'cmake_target' from command line to 'None'
[2.105s] Level 5:colcon.colcon_core.verb:set package 'robot' build argument 'cmake_target_skip_unavailable' from command line to 'False'
[2.105s] Level 5:colcon.colcon_core.verb:set package 'robot' build argument 'cmake_clean_cache' from command line to 'False'
[2.105s] Level 5:colcon.colcon_core.verb:set package 'robot' build argument 'cmake_clean_first' from command line to 'False'
[2.105s] Level 5:colcon.colcon_core.verb:set package 'robot' build argument 'cmake_force_configure' from command line to 'False'
[2.105s] Level 5:colcon.colcon_core.verb:set package 'robot' build argument 'ament_cmake_args' from command line to 'None'
[2.105s] Level 5:colcon.colcon_core.verb:set package 'robot' build argument 'catkin_cmake_args' from command line to 'None'
[2.105s] Level 5:colcon.colcon_core.verb:set package 'robot' build argument 'catkin_skip_building_tests' from command line to 'False'
[2.105s] DEBUG:colcon.colcon_core.verb:Building package 'robot' with the following arguments: {'ament_cmake_args': None, 'build_base': '/home/jd/Workspaces/stewart_ws/src/robot/build/robot', 'catkin_cmake_args': None, 'catkin_skip_building_tests': False, 'cmake_args': None, 'cmake_clean_cache': False, 'cmake_clean_first': False, 'cmake_force_configure': False, 'cmake_target': None, 'cmake_target_skip_unavailable': False, 'install_base': '/home/jd/Workspaces/stewart_ws/src/robot/install/robot', 'merge_install': False, 'path': '/home/jd/Workspaces/stewart_ws/src/robot', 'symlink_install': False, 'test_result_base': None}
[2.108s] INFO:colcon.colcon_core.executor:Executing jobs using 'parallel' executor
[2.121s] DEBUG:colcon.colcon_parallel_executor.executor.parallel:run_until_complete
[2.123s] INFO:colcon.colcon_ros.task.ament_cmake.build:Building ROS package in '/home/jd/Workspaces/stewart_ws/src/robot' with build type 'ament_cmake'
[2.124s] INFO:colcon.colcon_cmake.task.cmake.build:Building CMake package in '/home/jd/Workspaces/stewart_ws/src/robot'
[2.146s] INFO:colcon.colcon_core.plugin_system:Skipping extension 'colcon_core.shell.bat': Not used on non-Windows systems
[2.147s] INFO:colcon.colcon_core.shell:Skip shell extension 'powershell' for command environment: Not usable outside of PowerShell
[2.147s] DEBUG:colcon.colcon_core.shell:Skip shell extension 'dsv' for command environment
[2.191s] DEBUG:colcon.colcon_core.event_handler.log_command:Invoking command in '/home/jd/Workspaces/stewart_ws/src/robot/build/robot': CMAKE_PREFIX_PATH=/opt/ros/humble /usr/bin/cmake /home/jd/Workspaces/stewart_ws/src/robot -DCMAKE_INSTALL_PREFIX=/home/jd/Workspaces/stewart_ws/src/robot/install/robot
[6.421s] DEBUG:colcon.colcon_core.event_handler.log_command:Invoked command in '/home/jd/Workspaces/stewart_ws/src/robot/build/robot' returned '0': CMAKE_PREFIX_PATH=/opt/ros/humble /usr/bin/cmake /home/jd/Workspaces/stewart_ws/src/robot -DCMAKE_INSTALL_PREFIX=/home/jd/Workspaces/stewart_ws/src/robot/install/robot
[6.431s] DEBUG:colcon.colcon_core.event_handler.log_command:Invoking command in '/home/jd/Workspaces/stewart_ws/src/robot/build/robot': CMAKE_PREFIX_PATH=/opt/ros/humble /usr/bin/cmake --build /home/jd/Workspaces/stewart_ws/src/robot/build/robot -- -j4 -l4
[6.586s] DEBUG:colcon.colcon_core.event_handler.log_command:Invoked command in '/home/jd/Workspaces/stewart_ws/src/robot/build/robot' returned '0': CMAKE_PREFIX_PATH=/opt/ros/humble /usr/bin/cmake --build /home/jd/Workspaces/stewart_ws/src/robot/build/robot -- -j4 -l4
[6.738s] DEBUG:colcon.colcon_core.event_handler.log_command:Invoking command in '/home/jd/Workspaces/stewart_ws/src/robot/build/robot': CMAKE_PREFIX_PATH=/opt/ros/humble /usr/bin/cmake --install /home/jd/Workspaces/stewart_ws/src/robot/build/robot
[6.808s] Level 1:colcon.colcon_core.environment:create_environment_scripts_only(robot)
[6.811s] DEBUG:colcon.colcon_core.event_handler.log_command:Invoked command in '/home/jd/Workspaces/stewart_ws/src/robot/build/robot' returned '0': CMAKE_PREFIX_PATH=/opt/ros/humble /usr/bin/cmake --install /home/jd/Workspaces/stewart_ws/src/robot/build/robot
[6.830s] Level 1:colcon.colcon_core.environment:checking '/home/jd/Workspaces/stewart_ws/src/robot/install/robot' for CMake module files
[6.833s] Level 1:colcon.colcon_core.environment:checking '/home/jd/Workspaces/stewart_ws/src/robot/install/robot' for CMake config files
[6.834s] Level 1:colcon.colcon_core.shell:create_environment_hook('robot', 'cmake_prefix_path')
[6.839s] INFO:colcon.colcon_core.shell:Creating environment hook '/home/jd/Workspaces/stewart_ws/src/robot/install/robot/share/robot/hook/cmake_prefix_path.ps1'
[6.842s] INFO:colcon.colcon_core.shell:Creating environment descriptor '/home/jd/Workspaces/stewart_ws/src/robot/install/robot/share/robot/hook/cmake_prefix_path.dsv'
[6.844s] INFO:colcon.colcon_core.shell:Creating environment hook '/home/jd/Workspaces/stewart_ws/src/robot/install/robot/share/robot/hook/cmake_prefix_path.sh'
[6.847s] Level 1:colcon.colcon_core.environment:checking '/home/jd/Workspaces/stewart_ws/src/robot/install/robot/lib'
[6.848s] Level 1:colcon.colcon_core.environment:checking '/home/jd/Workspaces/stewart_ws/src/robot/install/robot/bin'
[6.848s] Level 1:colcon.colcon_core.environment:checking '/home/jd/Workspaces/stewart_ws/src/robot/install/robot/lib/pkgconfig/robot.pc'
[6.849s] Level 1:colcon.colcon_core.environment:checking '/home/jd/Workspaces/stewart_ws/src/robot/install/robot/lib/python3.10/site-packages'
[6.850s] Level 1:colcon.colcon_core.environment:checking '/home/jd/Workspaces/stewart_ws/src/robot/install/robot/bin'
[6.856s] INFO:colcon.colcon_core.shell:Creating package script '/home/jd/Workspaces/stewart_ws/src/robot/install/robot/share/robot/package.ps1'
[6.859s] INFO:colcon.colcon_core.shell:Creating package descriptor '/home/jd/Workspaces/stewart_ws/src/robot/install/robot/share/robot/package.dsv'
[6.861s] INFO:colcon.colcon_core.shell:Creating package script '/home/jd/Workspaces/stewart_ws/src/robot/install/robot/share/robot/package.sh'
[6.865s] INFO:colcon.colcon_core.shell:Creating package script '/home/jd/Workspaces/stewart_ws/src/robot/install/robot/share/robot/package.bash'
[6.868s] INFO:colcon.colcon_core.shell:Creating package script '/home/jd/Workspaces/stewart_ws/src/robot/install/robot/share/robot/package.zsh'
[6.870s] Level 1:colcon.colcon_core.environment:create_file_with_runtime_dependencies(/home/jd/Workspaces/stewart_ws/src/robot/install/robot/share/colcon-core/packages/robot)
[6.982s] Level 1:colcon.colcon_core.environment:create_environment_scripts_only(robot)
[6.993s] Level 1:colcon.colcon_core.environment:checking '/home/jd/Workspaces/stewart_ws/src/robot/install/robot' for CMake module files
[7.000s] Level 1:colcon.colcon_core.environment:checking '/home/jd/Workspaces/stewart_ws/src/robot/install/robot' for CMake config files
[7.001s] Level 1:colcon.colcon_core.shell:create_environment_hook('robot', 'cmake_prefix_path')
[7.008s] INFO:colcon.colcon_core.shell:Creating environment hook '/home/jd/Workspaces/stewart_ws/src/robot/install/robot/share/robot/hook/cmake_prefix_path.ps1'
[7.010s] INFO:colcon.colcon_core.shell:Creating environment descriptor '/home/jd/Workspaces/stewart_ws/src/robot/install/robot/share/robot/hook/cmake_prefix_path.dsv'
[7.012s] INFO:colcon.colcon_core.shell:Creating environment hook '/home/jd/Workspaces/stewart_ws/src/robot/install/robot/share/robot/hook/cmake_prefix_path.sh'
[7.014s] Level 1:colcon.colcon_core.environment:checking '/home/jd/Workspaces/stewart_ws/src/robot/install/robot/lib'
[7.015s] Level 1:colcon.colcon_core.environment:checking '/home/jd/Workspaces/stewart_ws/src/robot/install/robot/bin'
[7.015s] Level 1:colcon.colcon_core.environment:checking '/home/jd/Workspaces/stewart_ws/src/robot/install/robot/lib/pkgconfig/robot.pc'
[7.016s] Level 1:colcon.colcon_core.environment:checking '/home/jd/Workspaces/stewart_ws/src/robot/install/robot/lib/python3.10/site-packages'
[7.017s] Level 1:colcon.colcon_core.environment:checking '/home/jd/Workspaces/stewart_ws/src/robot/install/robot/bin'
[7.022s] INFO:colcon.colcon_core.shell:Creating package script '/home/jd/Workspaces/stewart_ws/src/robot/install/robot/share/robot/package.ps1'
[7.025s] INFO:colcon.colcon_core.shell:Creating package descriptor '/home/jd/Workspaces/stewart_ws/src/robot/install/robot/share/robot/package.dsv'
[7.027s] INFO:colcon.colcon_core.shell:Creating package script '/home/jd/Workspaces/stewart_ws/src/robot/install/robot/share/robot/package.sh'
[7.029s] INFO:colcon.colcon_core.shell:Creating package script '/home/jd/Workspaces/stewart_ws/src/robot/install/robot/share/robot/package.bash'
[7.031s] INFO:colcon.colcon_core.shell:Creating package script '/home/jd/Workspaces/stewart_ws/src/robot/install/robot/share/robot/package.zsh'
[7.033s] Level 1:colcon.colcon_core.environment:create_file_with_runtime_dependencies(/home/jd/Workspaces/stewart_ws/src/robot/install/robot/share/colcon-core/packages/robot)
[7.034s] DEBUG:colcon.colcon_parallel_executor.executor.parallel:closing loop
[7.035s] DEBUG:colcon.colcon_parallel_executor.executor.parallel:loop closed
[7.035s] DEBUG:colcon.colcon_parallel_executor.executor.parallel:run_until_complete finished with '0'
[7.036s] DEBUG:colcon.colcon_core.event_reactor:joining thread
[7.060s] INFO:colcon.colcon_core.plugin_system:Skipping extension 'colcon_notification.desktop_notification.terminal_notifier': Not used on non-Darwin systems
[7.060s] INFO:colcon.colcon_core.plugin_system:Skipping extension 'colcon_notification.desktop_notification.win32': Not used on non-Windows systems
[7.060s] INFO:colcon.colcon_notification.desktop_notification:Sending desktop notification using 'notify2'
[7.116s] DEBUG:colcon.colcon_core.event_reactor:joined thread
[7.123s] INFO:colcon.colcon_core.shell:Creating prefix script '/home/jd/Workspaces/stewart_ws/src/robot/install/local_setup.ps1'
[7.127s] INFO:colcon.colcon_core.shell:Creating prefix util module '/home/jd/Workspaces/stewart_ws/src/robot/install/_local_setup_util_ps1.py'
[7.133s] INFO:colcon.colcon_core.shell:Creating prefix chain script '/home/jd/Workspaces/stewart_ws/src/robot/install/setup.ps1'
[7.140s] INFO:colcon.colcon_core.shell:Creating prefix script '/home/jd/Workspaces/stewart_ws/src/robot/install/local_setup.sh'
[7.142s] INFO:colcon.colcon_core.shell:Creating prefix util module '/home/jd/Workspaces/stewart_ws/src/robot/install/_local_setup_util_sh.py'
[7.145s] INFO:colcon.colcon_core.shell:Creating prefix chain script '/home/jd/Workspaces/stewart_ws/src/robot/install/setup.sh'
[7.151s] INFO:colcon.colcon_core.shell:Creating prefix script '/home/jd/Workspaces/stewart_ws/src/robot/install/local_setup.bash'
[7.155s] INFO:colcon.colcon_core.shell:Creating prefix chain script '/home/jd/Workspaces/stewart_ws/src/robot/install/setup.bash'
[7.161s] INFO:colcon.colcon_core.shell:Creating prefix script '/home/jd/Workspaces/stewart_ws/src/robot/install/local_setup.zsh'
[7.163s] INFO:colcon.colcon_core.shell:Creating prefix chain script '/home/jd/Workspaces/stewart_ws/src/robot/install/setup.zsh'
